<?xml version="1.0" encoding="UTF-8"?>  
<beans xmlns="http://www.springframework.org/schema/beans"
       xmlns:xsi="http://www.w3.org/2001/XMLSchema-instance"
       xmlns:context="http://www.springframework.org/schema/context"
       xsi:schemaLocation="
          http://www.springframework.org/schema/beans
          http://www.springframework.org/schema/beans/spring-beans-4.2.xsd
          http://www.springframework.org/schema/context    
          http://www.springframework.org/schema/context/spring-context-4.2.xsd
          ">

    <bean id="myCalcService" class="org.springframework.remoting.rmi.RmiProxyFactoryBean">  
<!--         <property name="serviceUrl" value="rmi://10.134.185.194:8080/myCalcService" />   -->
        <property name="serviceUrl" value="rmi://localhost:8080/myCalcService" />
        <property name="serviceInterface" value="demo.client.RMICalcService" />
    </bean>

</beans>